<?xml version="1.0" encoding="UTF-8"?>
<testsuite name="com.office.calendar.CalendarApplicationTests" tests="1" skipped="0" failures="0" errors="0" timestamp="2025-08-06T00:50:53.650Z" hostname="DESKTOP-0KK900Q" time="0.77">
  <properties/>
  <testcase name="contextLoads()" classname="com.office.calendar.CalendarApplicationTests" time="0.77"/>
  <system-out><![CDATA[
  .   ____          _            __ _ _
 /\\ / ___'_ __ _ _(_)_ __  __ _ \ \ \ \
( ( )\___ | '_ | '_| | '_ \/ _` | \ \ \ \
 \\/  ___)| |_)| | | | | || (_| |  ) ) ) )
  '  |____| .__|_| |_|_| |_\__, | / / / /
 =========|_|==============|___/=/_/_/_/

 :: Spring Boot ::                (v3.5.3)

2025-08-06 09:50:46 INFO  [CalendarApplicationTests] - Starting CalendarApplicationTests using Java 21.0.7 with PID 17792 (started by C200 in D:\kmh\spring_boot\pjt_intellij\calendar\calendar)
2025-08-06 09:50:46 DEBUG [CalendarApplicationTests] - Running with Spring Boot v3.5.3, Spring v6.2.8
2025-08-06 09:50:46 INFO  [CalendarApplicationTests] - The following 1 profile is active: "local"
2025-08-06 09:50:47 INFO  [RepositoryConfigurationDelegate] - Bootstrapping Spring Data JPA repositories in DEFAULT mode.
2025-08-06 09:50:47 INFO  [RepositoryConfigurationDelegate] - Finished Spring Data repository scanning in 68 ms. Found 3 JPA repository interfaces.
2025-08-06 09:50:48 INFO  [LogHelper] - HHH000204: Processing PersistenceUnitInfo [name: default]
2025-08-06 09:50:48 INFO  [Version] - HHH000412: Hibernate ORM core version 6.6.18.Final
2025-08-06 09:50:48 INFO  [RegionFactoryInitiator] - HHH000026: Second-level cache disabled
2025-08-06 09:50:48 INFO  [SpringPersistenceUnitInfo] - No LoadTimeWeaver setup: ignoring JPA class transformer
2025-08-06 09:50:48 INFO  [HikariDataSource] - HikariPool-1 - Starting...
2025-08-06 09:50:49 INFO  [HikariPool] - HikariPool-1 - Added connection com.mysql.cj.jdbc.ConnectionImpl@44f23927
2025-08-06 09:50:49 INFO  [HikariDataSource] - HikariPool-1 - Start completed.
2025-08-06 09:50:49 WARN  [deprecation] - HHH90000025: MySQLDialect does not need to be specified explicitly using 'hibernate.dialect' (remove the property setting and it will be selected by default)
2025-08-06 09:50:49 INFO  [pooling] - HHH10001005: Database info:
	Database JDBC URL [Connecting through datasource 'HikariDataSource (HikariPool-1)']
	Database driver: undefined/unknown
	Database version: 8.0.42
	Autocommit mode: undefined/unknown
	Isolation level: undefined/unknown
	Minimum pool size: undefined/unknown
	Maximum pool size: undefined/unknown
2025-08-06 09:50:50 INFO  [JtaPlatformInitiator] - HHH000489: No JTA platform available (set 'hibernate.transaction.jta.platform' to enable JTA platform integration)
2025-08-06 09:50:50 INFO  [LocalContainerEntityManagerFactoryBean] - Initialized JPA EntityManagerFactory for persistence unit 'default'
2025-08-06 09:50:51 WARN  [JpaBaseConfiguration$JpaWebConfiguration] - spring.jpa.open-in-view is enabled by default. Therefore, database queries may be performed during view rendering. Explicitly configure spring.jpa.open-in-view to disable this warning
2025-08-06 09:50:52 INFO  [InitializeUserDetailsBeanManagerConfigurer$InitializeUserDetailsManagerConfigurer] - Global AuthenticationManager configured with UserDetailsService bean with name memberDetailsService
2025-08-06 09:50:53 INFO  [CalendarApplicationTests] - Started CalendarApplicationTests in 7.596 seconds (process running for 9.858)
Hibernate: 
    select
        ae1_0.no 
    from
        user_authority ae1_0 
    where
        ae1_0.role_name=? 
    limit
        ?
Hibernate: 
    select
        ae1_0.no 
    from
        user_authority ae1_0 
    where
        ae1_0.role_name=? 
    limit
        ?
]]></system-out>
  <system-err><![CDATA[Mockito is currently self-attaching to enable the inline-mock-maker. This will no longer work in future releases of the JDK. Please add Mockito as an agent to your build as described in Mockito's documentation: https://javadoc.io/doc/org.mockito/mockito-core/latest/org.mockito/org/mockito/Mockito.html#0.3
WARNING: A Java agent has been loaded dynamically (C:\Users\C200\.gradle\caches\modules-2\files-2.1\net.bytebuddy\byte-buddy-agent\1.17.6\17b32fd9f57deef02842f7f05abc4ad8127fe34e\byte-buddy-agent-1.17.6.jar)
WARNING: If a serviceability tool is in use, please run with -XX:+EnableDynamicAgentLoading to hide this warning
WARNING: If a serviceability tool is not in use, please run with -Djdk.instrument.traceUsage for more information
WARNING: Dynamic loading of agents will be disallowed by default in a future release
]]></system-err>
</testsuite>
